<?xml version="1.0" encoding="UTF-8"?>
<testsuite name="Abrir Google" tests="1" skipped="0" failures="0" errors="0" timestamp="2025-05-27T04:17:25.975Z" hostname="COMPUNATA" time="6.373">
  <properties/>
  <testcase name="Usuario abre Google" classname="Abrir Google" time="6.373"/>
  <system-out><![CDATA[
Scenario: Usuario abre Google  ?[90m# src/test/resources/features/abrir.feature:4?[0m
  ?[32mGiven ?[0m?[32mel usuario abre Google?[0m ?[90m# co.com.automation.stepdefinitions.AbrirStep.elUsuarioAbreGoogle()?[0m
]]></system-out>
  <system-err><![CDATA[[Test worker] INFO  - 
  _____   ___   ___   _____     ___   _____     _     ___   _____   ___   ___  
 |_   _| | __| / __| |_   _|   / __| |_   _|   /_\   | _ \ |_   _| | __| |   \ 
   | |   | _|  \__ \   | |     \__ \   | |    / _ \  |   /   | |   | _|  | |) |
   |_|   |___| |___/   |_|     |___/   |_|   /_/ \_\ |_|_\   |_|   |___| |___/ 

Usuario abre Google(abrir-google;usuario-abre-google)
--------------------------------------------------------------------------------
[Test worker] INFO net.serenitybdd.core.webdriver.driverproviders.ChromeDriverProvider - Starting Chrome driver instance with capabilities:
[Test worker] INFO net.serenitybdd.core.webdriver.driverproviders.ChromeDriverProvider - Capabilities {acceptInsecureCerts: false, browserName: chrome, goog:chromeOptions: {args: [remote-allow-origins=*], extensions: []}}
may. 26, 2025 11:17:28 P. M. org.openqa.selenium.devtools.CdpVersionFinder findNearestMatch
ADVERTENCIA: Unable to find an exact match for CDP version 136, returning the closest version; found: 133; Please update to a Selenium version that supports CDP version 136
[Test worker] INFO  - 
  _____   ___   ___   _____     ___     _     ___   ___   ___   ___  
 |_   _| | __| / __| |_   _|   | _ \   /_\   / __| / __| | __| |   \ 
   | |   | _|  \__ \   | |     |  _/  / _ \  \__ \ \__ \ | _|  | |) |
   |_|   |___| |___/   |_|     |_|   /_/ \_\ |___/ |___/ |___| |___/ 

Usuario abre Google
----------------------------------------------------------------------
]]></system-err>
</testsuite>
